\BOOKMARK [1][-]{section.2}{Risk-sensitive decision theories}{}% 1
\BOOKMARK [2][-]{subsection.3}{Is it a problem to be self-undermining?}{section.2}% 2
\BOOKMARK [2][-]{subsection.4}{Responses}{section.2}% 3
\BOOKMARK [3][-]{subsubsection.5}{Limit the decision theory's scope}{subsection.4}% 4
\BOOKMARK [3][-]{subsubsection.6}{Change the way of updating credences}{subsection.4}% 5
\BOOKMARK [3][-]{subsubsection.8}{Uncertainty about decisions}{subsection.4}% 6
\BOOKMARK [1][-]{section.16}{Expected Utility Theory}{}% 7
\BOOKMARK [2][-]{subsection.25}{Decision-State Dependence}{section.16}% 8
\BOOKMARK [1][-]{section.29}{Decision theories for imprecise credences}{}% 9
\BOOKMARK [2][-]{subsection.31}{-maximin}{section.29}% 10
\BOOKMARK [2][-]{subsection.35}{E-Admissibility and Maximality}{section.29}% 11
\BOOKMARK [3][-]{subsubsection.46}{Maximality}{subsection.35}% 12
\BOOKMARK [3][-]{subsubsection.49}{Decision-State Dependence}{subsection.35}% 13
\BOOKMARK [1][-]{section.55}{The utility of using a decision theory}{}% 14
\BOOKMARK [2][-]{subsection.56}{Probabilistic picking strategies}{section.55}% 15
\BOOKMARK [3][-]{subsubsection.59}{Expected Utility Theory}{subsection.56}% 16
\BOOKMARK [3][-]{subsubsection.62}{E-Admissibility}{subsection.56}% 17
\BOOKMARK [3][-]{subsubsection.66}{Maximality}{subsection.56}% 18
\BOOKMARK [2][-]{subsection.75}{Alternatives}{section.55}% 19
\BOOKMARK [3][-]{subsubsection.76}{Imprecise picking strategies}{subsection.75}% 20
\BOOKMARK [3][-]{subsubsection.78}{Utility of a choice function not given by a picking strategy}{subsection.75}% 21
\BOOKMARK [1][-]{section.79}{Conclusion}{}% 22
\BOOKMARK [1][-]{appendix.80}{EU and E-admissibility}{}% 23
\BOOKMARK [1][-]{appendix.93}{Maximality}{}% 24
\BOOKMARK [2][-]{subsection.94}{Wald theorem}{appendix.93}% 25
\BOOKMARK [2][-]{subsection.107}{Applying Wald's Complete Class Theorem to probabilistic picking strategies for imprecise decision theories}{appendix.93}% 26
